{"level":"info","message":"Starting assets export"}
{"level":"info","message":"Downloaded UH-test-logo.png: blt33d2b758112c8ea5 successfully!"}
{"level":"info","message":"Downloaded Union_(2).svg: blt074e6aff2070ef00 successfully!"}
{"level":"info","message":"Downloaded Group_531.svg: blt54092cd9db2e8dd2 successfully!"}
{"level":"info","message":"Downloaded Vector_(5).svg: bltc0a70ae92a64b5f1 successfully!"}
{"level":"info","message":"Downloaded UH-Authorization-to-Release-Medical-Records-Form.pdf: bltd92cd83f7d2372e2 successfully!"}
{"level":"info","message":"Downloaded Vector_(3).svg: blt596dc105936de120 successfully!"}
{"level":"info","message":"Downloaded Union_(1).svg: blt03ae9d676bfc8b8e successfully!"}
{"level":"info","message":"Downloaded Group_4478.svg: bltda12436532ef0f5d successfully!"}
{"level":"info","message":"Downloaded Group.svg: blt131ba051f442158f successfully!"}
{"level":"info","message":"Downloaded Union.svg: bltbc03fff039eb443d successfully!"}
{"level":"info","message":"Downloaded Group_4020.svg: bltf8c3a74e3742a4ab successfully!"}
{"level":"info","message":"Downloaded Vector_(7).svg: blt6a73397fa5402855 successfully!"}
{"level":"info","message":"Downloaded Vector_4.svg: blt942c20dfb7ad74e4 successfully!"}
{"level":"info","message":"Downloaded Union_(2).svg: bltbd4516f69a207c7a successfully!"}
{"level":"info","message":"Downloaded Vector_4_copy.svg: bltf135c469a1d84d8f successfully!"}
{"level":"info","message":"Downloaded Vector_4.svg: blt2c116f8d588f6867 successfully!"}
{"level":"info","message":"Downloaded Group_1464.svg: blt1e3f5805104770ed successfully!"}
{"level":"info","message":"Downloaded Polygon_4.svg: bltdd57f89187a861b3 successfully!"}
{"level":"info","message":"Downloaded Polygon_5.svg: blt209cf2dfa7c35f06 successfully!"}
{"level":"info","message":"Downloaded Registration-Form-University-Hospitals-Urgent-Care.pdf: blt9bf08beaa7ab2f9b successfully!"}
{"level":"info","message":"Batch no 1 of assets is complete"}
{"level":"info","message":"Downloaded Brands.png: blt2f9a18fb2f3e4e7d successfully!"}
{"level":"info","message":"Downloaded blog1-1.png: blt51dd8c9e97fdb8b0 successfully!"}
{"level":"info","message":"Downloaded PrismaHealth_SpringAllergies_compressed.mp4: blt183e30f010c2d9a7 successfully!"}
{"level":"info","message":"Batch no 161 of assets is complete"}
{"level":"info","message":"Downloaded occmed-image1.jpeg: bltb7e5ec916a324190 successfully!"}
{"level":"info","message":"Downloaded uca-feature2.png: blt6b16eafed23ab673 successfully!"}
{"level":"info","message":"Downloaded Assessment.png: blt5fc5f72ef0522bc7 successfully!"}
{"level":"info","message":"Downloaded uca-feature1.png: blt5fdb263940996115 successfully!"}
{"level":"info","message":"Downloaded History.png: blt6752f3db51d384ce successfully!"}
{"level":"info","message":"Downloaded Joints.png: blt48fcf62afa6b6553 successfully!"}
{"level":"info","message":"Downloaded Flexibility.png: blt22d44ffd8ffa3c7f successfully!"}
{"level":"info","message":"Downloaded Vision.png: blt6c4927e5b2518efd successfully!"}
{"level":"info","message":"Downloaded Vitals.png: bltcd90e08a4bafccf8 successfully!"}
{"level":"info","message":"Downloaded location-powdersville-banner.png: bltd879be9753cbc1cb successfully!"}
{"level":"info","message":"Downloaded partnership-image1.png: bltb0ebe3f197026c0c successfully!"}
{"level":"info","message":"Downloaded lisa.png: blte8c05a968f71bf99 successfully!"}
{"level":"info","message":"Downloaded lee.png: blt38d834ad0b33fa5a successfully!"}
{"level":"info","message":"Downloaded partnership-banner.jpeg: blt188e721044fc374c successfully!"}
{"level":"info","message":"Downloaded location-banner.png: blt40242b753cb1a8bc successfully!"}
{"level":"info","message":"Downloaded seasonal-image1.png: blt798380016d6d0581 successfully!"}
{"level":"info","message":"Downloaded blog1-2.png: bltb5943a978dc381d2 successfully!"}
{"level":"info","message":"Downloaded blog1-3.png: bltf3043325bf7f0673 successfully!"}
{"level":"info","message":"Downloaded blog5.png: bltc182e4bda95b1bc9 successfully!"}
{"level":"info","message":"Downloaded uca-banner.jpeg: blta8a34b52f57bdb65 successfully!"}
{"level":"info","message":"Batch no 141 of assets is complete"}
{"level":"info","message":"Downloaded careers-feature2.png: blta2962e23a3a09839 successfully!"}
{"level":"info","message":"Downloaded careers-feature5.png: blt72961821ca59d8ba successfully!"}
{"level":"info","message":"Downloaded occmed-feature1.png: blte14e3832e8efbe0b successfully!"}
{"level":"info","message":"Downloaded careers-feature1.png: bltf782078a8ef86354 successfully!"}
{"level":"info","message":"Downloaded occmed-feature4.png: blt6a1f3f481eb747cc successfully!"}
{"level":"info","message":"Downloaded occmed-feature2.png: blta811d32428a9221c successfully!"}
{"level":"info","message":"Downloaded occmed-banner.jpeg: blt24a2c7ddccf8aaed successfully!"}
{"level":"info","message":"Downloaded occmed-feature3.png: bltf6d5abd8097cff93 successfully!"}
{"level":"info","message":"Downloaded fluSeason-feature3.png: bltd7a29449cd5d6ca8 successfully!"}
{"level":"info","message":"Downloaded fluSeason-feature1.png: bltfdc0a7c4f884046e successfully!"}
{"level":"info","message":"Downloaded fluSeason-feature2.png: blt7c4d2759a7577730 successfully!"}
{"level":"info","message":"Downloaded flu-season-banner.png: blt0abbb5c8610485c1 successfully!"}
{"level":"info","message":"Downloaded sports-image1.png: blt0131f7c13d86b5e1 successfully!"}
{"level":"info","message":"Downloaded sports-banner.png: bltb91bd370da0f029a successfully!"}
{"level":"info","message":"Downloaded sports-feature1-3.png: blte2522302c1304fd3 successfully!"}
{"level":"info","message":"Downloaded uca-image1.png: blt271a206c8e8603b9 successfully!"}
{"level":"info","message":"Downloaded insurance-banner.jpeg: blt9d230fc09159c9fe successfully!"}
{"level":"info","message":"Downloaded sports-image1.png: bltd79453635b996da4 successfully!"}
{"level":"info","message":"Downloaded uca-feature3.png: blt03762acfb8465dae successfully!"}
{"level":"info","message":"Downloaded careers-image1.png: bltc4451095bc1d4dd8 successfully!"}
{"level":"info","message":"Batch no 121 of assets is complete"}
{"level":"info","message":"Downloaded services-urgent-care-banner.jpeg: blt1d89baea656c31f4 successfully!"}
{"level":"info","message":"Downloaded family.png: blt2c1c454ddfabdfc2 successfully!"}
{"level":"info","message":"Downloaded main-bg.png: blt161089ee103f1983 successfully!"}
{"level":"info","message":"Downloaded careers-feature4.png: bltb2b6975d0bf7d2b9 successfully!"}
{"level":"info","message":"Downloaded careers-banner.jpeg: blt6b1a42fa11f11de7 successfully!"}
{"level":"info","message":"Downloaded faq-feature2.png: bltdd8815fcdb32476d successfully!"}
{"level":"info","message":"Downloaded careers-feature3.png: blt6ed6cd9e327dd71b successfully!"}
{"level":"info","message":"Downloaded faq-feature3.png: blt6633c89ccbf711b3 successfully!"}
{"level":"info","message":"Downloaded faq-feature1.png: blt01a693701a5e2390 successfully!"}
{"level":"info","message":"Downloaded FAQ-page-banner.jpeg: bltdaefb968cf8345d5 successfully!"}
{"level":"info","message":"Downloaded seasonalAllergies-bannerBackground.png: blte4430cd5d96c383e successfully!"}
{"level":"info","message":"Downloaded aboutUs-bannerImage.jpeg: blt9d2fbcfd2c85c83d successfully!"}
{"level":"info","message":"Downloaded aboutUs-image1.png: blt4afd1e580c6a2a1e successfully!"}
{"level":"info","message":"Downloaded aboutUs-image2.png: blt76e22b7ca54c2bec successfully!"}
{"level":"info","message":"Downloaded sports-feature1-1.png: bltd8bafc879d633e7f successfully!"}
{"level":"info","message":"Downloaded sports-feature1-2.png: blt7d566e640ad072d1 successfully!"}
{"level":"info","message":"Downloaded about-contact-banner-img.jpeg: blt96884ed9924bcaa4 successfully!"}
{"level":"info","message":"Downloaded seasonalAllergies-Image2.png: blt9ebc4e498afa84e8 successfully!"}
{"level":"info","message":"Downloaded services-virtual-visit.png: blt063e533649e9be97 successfully!"}
{"level":"info","message":"Downloaded services-virtual-visit-banner.jpeg: blt2a81375c58b275b1 successfully!"}
{"level":"info","message":"Batch no 101 of assets is complete"}
{"level":"info","message":"Downloaded blog12.png: blta753e2f326f538f1 successfully!"}
{"level":"info","message":"Downloaded blog11.png: blt4235963cc95c4427 successfully!"}
{"level":"info","message":"Downloaded image_44.png: blt305e6ea5c2ecaaeb successfully!"}
{"level":"info","message":"Downloaded covid-19-testing.png: bltb383ddb63af836d9 successfully!"}
{"level":"info","message":"Downloaded seasonalAllergies-Image1.png: blt3572fccae8c60d82 successfully!"}
{"level":"info","message":"Downloaded location-gray.svg: blt13e9e0fc6c83e530 successfully!"}
{"level":"info","message":"Downloaded uca-logo.svg: blt58c057d8049ec26f successfully!"}
{"level":"info","message":"Downloaded nearest-clinic.svg: bltf33f008e556c44bb successfully!"}
{"level":"info","message":"Downloaded your-location.svg: blte68afc2590af2bb1 successfully!"}
{"level":"info","message":"Downloaded carousel-picker.svg: blt14dfcd0467f73f97 successfully!"}
{"level":"info","message":"Downloaded x.svg: bltef74cbc806ff2ed5 successfully!"}
{"level":"info","message":"Downloaded rating-4_5.svg: bltb337fbc0bdb659ff successfully!"}
{"level":"info","message":"Downloaded blog3.png: blt76ababa0af0468b4 successfully!"}
{"level":"info","message":"Downloaded blog10.png: blt3043a770d7b7b0ab successfully!"}
{"level":"info","message":"Downloaded blog10-3.png: blte6fe1170b059c7ad successfully!"}
{"level":"info","message":"Downloaded blog9.png: bltf5067916b8937078 successfully!"}
{"level":"info","message":"Downloaded blog13.png: blt7adc230bf14d1987 successfully!"}
{"level":"info","message":"Downloaded blog10-2.png: blte62275495587fdf7 successfully!"}
{"level":"info","message":"Downloaded blog8.png: bltec258cbc13079584 successfully!"}
{"level":"info","message":"Downloaded blog7.png: blt791e3c62dcd1f1a9 successfully!"}
{"level":"info","message":"Batch no 81 of assets is complete"}
{"level":"info","message":"Downloaded Union_(2).svg: blt3dd081b83128629b successfully!"}
{"level":"info","message":"Downloaded Union_(3).svg: blt61dab35c42d87109 successfully!"}
{"level":"info","message":"Downloaded Vector_(6).svg: blt9334a589e90f0ce5 successfully!"}
{"level":"info","message":"Downloaded hydration.png: blt680477da551f071c successfully!"}
{"level":"info","message":"Downloaded blog2.png: blt4e755efb8405787b successfully!"}
{"level":"info","message":"Downloaded Vector_(1).svg: blt293c87374e9a4e37 successfully!"}
{"level":"info","message":"Downloaded blog4.png: blta2c884030dcf6e84 successfully!"}
{"level":"info","message":"Downloaded Group_3034.svg: blta9209ea074e14efd successfully!"}
{"level":"info","message":"Downloaded Vector_(2).svg: blte515e888fdab06cd successfully!"}
{"level":"info","message":"Downloaded Group_3035.svg: bltde36352bb79cc42e successfully!"}
{"level":"info","message":"Downloaded Vector_(3).svg: blt2c299b62afe39a2c successfully!"}
{"level":"info","message":"Downloaded Vector_(7).svg: blt7d6d9b563d703abf successfully!"}
{"level":"info","message":"Downloaded Group_5813.svg: blt8d492477d7a0038d successfully!"}
{"level":"info","message":"Downloaded Vector.svg: bltf306e6436cf84ee1 successfully!"}
{"level":"info","message":"Downloaded menu.svg: blt793d088ecd91bdcd successfully!"}
{"level":"info","message":"Downloaded Union.svg: bltbba87146260fbcdb successfully!"}
{"level":"info","message":"Downloaded UH-logo.png: blt31b313f70da6cefa successfully!"}
{"level":"info","message":"Downloaded Vector_(5).svg: blt511cbf1d460fb090 successfully!"}
{"level":"info","message":"Downloaded Union_(1).svg: blt9d56f2bc3827a792 successfully!"}
{"level":"info","message":"Downloaded blog6.png: bltca1ca280cc83d2cc successfully!"}
{"level":"info","message":"Batch no 61 of assets is complete"}
{"level":"info","message":"Downloaded Vector_(9).svg: blt1212530ad776a1e7 successfully!"}
{"level":"info","message":"Downloaded Group_4478_(1).svg: blt05fe3d0777e1df2f successfully!"}
{"level":"info","message":"Downloaded Vector_(4).svg: blt70c83c1a9c1f33b9 successfully!"}
{"level":"info","message":"Downloaded Union_(5).svg: blt7a126056d56c9706 successfully!"}
{"level":"info","message":"Downloaded Group_2946.svg: blt40a0fa8ecb1ecfcd successfully!"}
{"level":"info","message":"Downloaded Group_4020.svg: bltb6d0532bc60cf005 successfully!"}
{"level":"info","message":"Downloaded Vector.svg: blt9776063397b59560 successfully!"}
{"level":"info","message":"Downloaded Vector_(4).svg: blt9d4ea9e9880f01dc successfully!"}
{"level":"info","message":"Downloaded Vector_(1).svg: blt13b258f62524ef44 successfully!"}
{"level":"info","message":"Downloaded Vector_(2).svg: bltc2d21e674aadc898 successfully!"}
{"level":"info","message":"Downloaded edit-red.svg: blt3e3bef78c3c147e0 successfully!"}
{"level":"info","message":"Downloaded Vector_(8).svg: bltc7ae72c0721d4ad1 successfully!"}
{"level":"info","message":"Downloaded Union_(3).svg: blt3f45da18eba8327e successfully!"}
{"level":"info","message":"Downloaded Group_531.svg: blt980c43a3b76f82f9 successfully!"}
{"level":"info","message":"Downloaded Union_(4).svg: blt9984175195879c05 successfully!"}
{"level":"info","message":"Downloaded villa.png: blt3e52bc434593c0f9 successfully!"}
{"level":"info","message":"Downloaded Group_5812.svg: blt753c05d2deb30319 successfully!"}
{"level":"info","message":"Downloaded Group_5808.svg: bltcbe74724974b476f successfully!"}
{"level":"info","message":"Downloaded Group_5810.svg: bltc692b8a60fdd100f successfully!"}
{"level":"info","message":"Downloaded Group_5811.svg: blt3bc6fe35307683de successfully!"}
{"level":"info","message":"Batch no 41 of assets is complete"}
{"level":"info","message":"Downloaded Vector_(2).svg: blt0d64361073caa021 successfully!"}
{"level":"info","message":"Downloaded Vector_(1).svg: blte5dbf8961b9149bd successfully!"}
{"level":"info","message":"Downloaded Vector_(8).svg: blt8ef2838c8a94d7c8 successfully!"}
{"level":"info","message":"Downloaded Union_(6).svg: bltf8153176ca4ba4f3 successfully!"}
{"level":"info","message":"Downloaded Vector_(6).svg: bltca08e4f68386a105 successfully!"}
{"level":"info","message":"Downloaded Union_(7).svg: bltfc0999067ed62cca successfully!"}
{"level":"info","message":"Downloaded Union_(7).svg: bltb8768d2bcd209fe0 successfully!"}
{"level":"info","message":"Downloaded contact-card-black.png: blt9d6e135a5a24536a successfully!"}
{"level":"info","message":"Downloaded laptop-clock-black.png: blt27aeb3b5a71c6fb8 successfully!"}
{"level":"info","message":"Downloaded Vector_(6).svg: bltda9afff4dbd3c4e2 successfully!"}
{"level":"info","message":"Downloaded Union_(6).svg: blt907bbf332e94529f successfully!"}
{"level":"info","message":"Downloaded Vector_(9).svg: blt8b192b654a5d3aab successfully!"}
{"level":"info","message":"Downloaded Union_(5).svg: blt8efd82dfeea7e4ff successfully!"}
{"level":"info","message":"Downloaded Group_5811.svg: blt1f7db52a86661679 successfully!"}
{"level":"info","message":"Downloaded Group_4478_(1).svg: bltcf9d52fdf6bbb279 successfully!"}
{"level":"info","message":"Downloaded Group_5808.svg: bltf2f414d057c2163b successfully!"}
{"level":"info","message":"Downloaded Group_5810.svg: blt89a60b8e641645cd successfully!"}
{"level":"info","message":"Downloaded Union_(4).svg: blt43bea42162f7893a successfully!"}
{"level":"info","message":"Downloaded Group_5812.svg: blt9744d777311189ed successfully!"}
{"level":"info","message":"Downloaded Union_(3).svg: bltf22ca897c3e8a346 successfully!"}
{"level":"info","message":"Batch no 21 of assets is complete"}
{"level":"info","message":"Asset-folders have been successfully exported!"}
{"level":"info","message":"Asset export completed successfully"}
{"level":"info","message":"Starting locale export"}
{"level":"info","message":"Completed locale export"}
{"level":"info","message":"Starting environment export"}
{"level":"info","message":"All the environments have been exported successfully"}
{"level":"info","message":"Starting extension export"}
{"level":"info","message":"All the extensions have been exported successfully"}
{"level":"info","message":"Starting webhooks export"}
{"level":"info","message":"No webhooks found"}
{"level":"info","message":"Starting Global Fields export"}
{"level":"info","message":"Global Fields export completed successfully"}
{"level":"info","message":"Starting content type export"}
{"level":"info","message":"Content type(s) exported successfully"}
{"level":"info","message":"Starting roles export"}
{"level":"info","message":"No custom roles were found in the Stack"}
{"level":"info","message":"Starting workflow export"}
{"level":"info","message":"Workflow workflow was exported successfully"}
{"level":"info","message":"All the workflow have been exported successfully"}
{"level":"info","message":"Starting entries export"}
{"level":"info","message":"Starting export of entries of content_type - blog locale - ar"}
{"level":"info","message":"Exported entries of type blog locale ar"}
{"level":"info","message":"Starting export of entries of content_type - blog locale - es"}
{"level":"info","message":"Exported entries of type blog locale es"}
{"level":"info","message":"Starting export of entries of content_type - blog locale - en-us"}
{"level":"info","message":"Exported entries of type blog locale en-us"}
{"level":"info","message":"Starting export of entries of content_type - icon locale - ar"}
{"level":"info","message":"Exported entries of type icon locale ar"}
{"level":"info","message":"Starting export of entries of content_type - icon locale - es"}
{"level":"info","message":"Exported entries of type icon locale es"}
{"level":"info","message":"Starting export of entries of content_type - icon locale - en-us"}
{"level":"info","message":"Exported entries of type icon locale en-us"}
{"level":"info","message":"Starting export of entries of content_type - header locale - ar"}
{"level":"info","message":"Exported entries of type header locale ar"}
{"level":"info","message":"Starting export of entries of content_type - header locale - es"}
{"level":"info","message":"Exported entries of type header locale es"}
{"level":"info","message":"Starting export of entries of content_type - header locale - en-us"}
{"level":"info","message":"Exported entries of type header locale en-us"}
{"level":"info","message":"Starting export of entries of content_type - footer locale - ar"}
{"level":"info","message":"Exported entries of type footer locale ar"}
{"level":"info","message":"Starting export of entries of content_type - footer locale - es"}
{"level":"info","message":"Exported entries of type footer locale es"}
{"level":"info","message":"Starting export of entries of content_type - footer locale - en-us"}
{"level":"info","message":"Exported entries of type footer locale en-us"}
{"level":"info","message":"Starting export of entries of content_type - page locale - ar"}
{"level":"info","message":"Exported entries of type page locale ar"}
{"level":"info","message":"Starting export of entries of content_type - page locale - es"}
{"level":"info","message":"Exported entries of type page locale es"}
{"level":"info","message":"Starting export of entries of content_type - page locale - en-us"}
{"level":"info","message":"Exported entries of type page locale en-us"}
{"level":"info","message":"Starting export of entries of content_type - page_section locale - ar"}
{"level":"info","message":"Exported entries of type page_section locale ar"}
{"level":"info","message":"Starting export of entries of content_type - page_section locale - es"}
{"level":"info","message":"Exported entries of type page_section locale es"}
{"level":"info","message":"Starting export of entries of content_type - page_section locale - en-us"}
{"level":"info","message":"Exported entries of type page_section locale en-us"}
{"level":"info","message":"Entries exported successfully"}
{"level":"info","message":"Starting labels export"}
{"level":"info","message":"No labels found"}
{"level":"info","message":"Starting marketplace app export"}
{"level":"info","message":"No marketplace apps found"}
{"level":"info","message":"The content of stack UniversityHospitl has been exported successfully!"}
{"level":"info","message":"The log for this is stored at /Users/anandhinagarajan/Documents/WelStreet/docs/contentStack/stacks/newTrial/logs/export"}
